2023-11-17 09:16:10,461 [Worker-5: Loading available Gradle versions] INFO  o.e.b.c.i.u.g.PublishedGradleVersions - Gradle version information cache is up-to-date. Trying to read.
2023-11-17 09:16:52,562 [Worker-5: Loading available Gradle versions] INFO  o.e.b.c.i.u.g.PublishedGradleVersions - Gradle version information cache is up-to-date. Trying to read.
2023-11-17 09:18:19,449 [main] INFO  org.eclipse.jetty.server.Server - jetty-10.0.15; built: 2023-04-11T17:25:14.480Z; git: 68017dbd00236bb7e187330d7585a059610f661d; jvm 21+35-LTS-2513
2023-11-17 09:18:19,481 [main] INFO  o.e.j.s.s.DefaultSessionIdManager - Session workerName=node0
2023-11-17 09:18:19,509 [main] INFO  o.e.j.server.handler.ContextHandler - Started o.e.j.s.ServletContextHandler@6bb500fa{/wse,null,AVAILABLE}
2023-11-17 09:18:19,527 [main] INFO  o.e.jetty.server.AbstractConnector - Started ServerConnector@5b64bc02{HTTP/1.1, (http/1.1)}{0.0.0.0:64078}
2023-11-17 09:18:19,542 [main] INFO  org.eclipse.jetty.server.Server - Started Server@7d2ccbcd{STARTING}[10.0.15,sto=0] @106492ms
2023-11-17 09:19:10,157 [Framework stop - Equinox Container: 9365a39e-b92a-49f5-a019-5cd53698a65f] INFO  org.eclipse.jetty.server.Server - Stopped Server@7d2ccbcd{STOPPING}[10.0.15,sto=0]
2023-11-17 09:19:10,160 [Framework stop - Equinox Container: 9365a39e-b92a-49f5-a019-5cd53698a65f] INFO  o.e.jetty.server.AbstractConnector - Stopped ServerConnector@5b64bc02{HTTP/1.1, (http/1.1)}{0.0.0.0:0}
2023-11-17 09:19:10,180 [Framework stop - Equinox Container: 9365a39e-b92a-49f5-a019-5cd53698a65f] INFO  o.e.j.server.handler.ContextHandler - Stopped o.e.j.s.ServletContextHandler@6bb500fa{/wse,null,STOPPED}
2023-11-17 09:19:25,309 [Worker-6: Loading available Gradle versions] INFO  o.e.b.c.i.u.g.PublishedGradleVersions - Gradle version information cache is out-of-date. Trying to update.
2023-11-17 09:20:16,012 [main] INFO  org.eclipse.jetty.server.Server - jetty-10.0.15; built: 2023-04-11T17:25:14.480Z; git: 68017dbd00236bb7e187330d7585a059610f661d; jvm 21+35-LTS-2513
2023-11-17 09:20:16,042 [main] INFO  o.e.j.s.s.DefaultSessionIdManager - Session workerName=node0
2023-11-17 09:20:16,066 [main] INFO  o.e.j.server.handler.ContextHandler - Started o.e.j.s.ServletContextHandler@5e493feb{/wse,null,AVAILABLE}
2023-11-17 09:20:16,083 [main] INFO  o.e.jetty.server.AbstractConnector - Started ServerConnector@66bd32b1{HTTP/1.1, (http/1.1)}{0.0.0.0:64171}
2023-11-17 09:20:16,093 [main] INFO  org.eclipse.jetty.server.Server - Started Server@7bc87d58{STARTING}[10.0.15,sto=0] @64942ms
2023-11-17 09:21:55,552 [Framework stop - Equinox Container: e09b8a5d-211f-47b1-8324-4f0a00210a8a] INFO  org.eclipse.jetty.server.Server - Stopped Server@7bc87d58{STOPPING}[10.0.15,sto=0]
2023-11-17 09:21:55,554 [Framework stop - Equinox Container: e09b8a5d-211f-47b1-8324-4f0a00210a8a] INFO  o.e.jetty.server.AbstractConnector - Stopped ServerConnector@66bd32b1{HTTP/1.1, (http/1.1)}{0.0.0.0:0}
2023-11-17 09:21:55,571 [Framework stop - Equinox Container: e09b8a5d-211f-47b1-8324-4f0a00210a8a] INFO  o.e.j.server.handler.ContextHandler - Stopped o.e.j.s.ServletContextHandler@5e493feb{/wse,null,STOPPED}
2023-11-17 09:22:12,061 [Worker-4: Loading available Gradle versions] INFO  o.e.b.c.i.u.g.PublishedGradleVersions - Gradle version information cache is up-to-date. Trying to read.
2023-11-17 09:30:34,074 [Worker-1: Loading available Gradle versions] INFO  o.e.b.c.i.u.g.PublishedGradleVersions - Gradle version information cache is up-to-date. Trying to read.
2023-11-17 09:44:04,129 [Worker-1: Loading available Gradle versions] INFO  o.e.b.c.i.u.g.PublishedGradleVersions - Gradle version information cache is up-to-date. Trying to read.
2023-11-17 12:41:35,351 [Worker-5: Loading available Gradle versions] INFO  o.e.b.c.i.u.g.PublishedGradleVersions - Gradle version information cache is up-to-date. Trying to read.
2023-11-19 14:15:10,077 [Worker-4: Loading available Gradle versions] INFO  o.e.b.c.i.u.g.PublishedGradleVersions - Gradle version information cache is out-of-date. Trying to update.
2023-11-19 22:39:26,273 [Worker-7: Loading available Gradle versions] INFO  o.e.b.c.i.u.g.PublishedGradleVersions - Gradle version information cache is up-to-date. Trying to read.
2023-11-19 22:56:20,938 [Worker-7: Loading available Gradle versions] INFO  o.e.b.c.i.u.g.PublishedGradleVersions - Gradle version information cache is up-to-date. Trying to read.
2023-11-20 08:02:07,267 [Worker-4: Loading available Gradle versions] INFO  o.e.b.c.i.u.g.PublishedGradleVersions - Gradle version information cache is up-to-date. Trying to read.
2023-11-20 11:16:19,505 [Worker-5: Loading available Gradle versions] INFO  o.e.b.c.i.u.g.PublishedGradleVersions - Gradle version information cache is up-to-date. Trying to read.
2023-11-20 19:20:04,556 [Worker-3: Loading available Gradle versions] INFO  o.e.b.c.i.u.g.PublishedGradleVersions - Gradle version information cache is up-to-date. Trying to read.
2023-11-21 12:53:18,379 [Worker-7: Loading available Gradle versions] INFO  o.e.b.c.i.u.g.PublishedGradleVersions - Gradle version information cache is up-to-date. Trying to read.
2023-11-26 08:35:35,305 [Worker-6: Loading available Gradle versions] INFO  o.e.b.c.i.u.g.PublishedGradleVersions - Gradle version information cache is out-of-date. Trying to update.
2023-11-26 08:35:35,867 [Worker-6: Loading available Gradle versions] INFO  o.e.b.c.i.u.g.PublishedGradleVersions - Updating Gradle version information cache failed. Using outdated cache.
2023-11-27 09:10:56,093 [Worker-5: Loading available Gradle versions] INFO  o.e.b.c.i.u.g.PublishedGradleVersions - Gradle version information cache is out-of-date. Trying to update.
2023-11-27 11:17:04,673 [Worker-6: Loading available Gradle versions] INFO  o.e.b.c.i.u.g.PublishedGradleVersions - Gradle version information cache is up-to-date. Trying to read.
2023-11-27 19:35:01,284 [Worker-4: Loading available Gradle versions] INFO  o.e.b.c.i.u.g.PublishedGradleVersions - Gradle version information cache is up-to-date. Trying to read.
2023-11-28 05:57:36,370 [Worker-2: Loading available Gradle versions] INFO  o.e.b.c.i.u.g.PublishedGradleVersions - Gradle version information cache is up-to-date. Trying to read.
2023-11-28 11:32:04,525 [Worker-4: Loading available Gradle versions] INFO  o.e.b.c.i.u.g.PublishedGradleVersions - Gradle version information cache is out-of-date. Trying to update.
2023-11-28 13:00:42,716 [Worker-5: Loading available Gradle versions] INFO  o.e.b.c.i.u.g.PublishedGradleVersions - Gradle version information cache is up-to-date. Trying to read.
2023-12-03 12:21:02,310 [Worker-1: Loading available Gradle versions] INFO  o.e.b.c.i.u.g.PublishedGradleVersions - Gradle version information cache is out-of-date. Trying to update.
2023-12-04 21:11:16,388 [Worker-3: Loading available Gradle versions] INFO  o.e.b.c.i.u.g.PublishedGradleVersions - Gradle version information cache is out-of-date. Trying to update.
2023-12-05 09:20:58,350 [Worker-6: Loading available Gradle versions] INFO  o.e.b.c.i.u.g.PublishedGradleVersions - Gradle version information cache is up-to-date. Trying to read.
2023-12-05 13:20:54,884 [Worker-2: Loading available Gradle versions] INFO  o.e.b.c.i.u.g.PublishedGradleVersions - Gradle version information cache is up-to-date. Trying to read.
2023-12-05 13:36:02,646 [Worker-3: Loading available Gradle versions] INFO  o.e.b.c.i.u.g.PublishedGradleVersions - Gradle version information cache is up-to-date. Trying to read.
2023-12-05 13:39:53,378 [Worker-4: Loading available Gradle versions] INFO  o.e.b.c.i.u.g.PublishedGradleVersions - Gradle version information cache is up-to-date. Trying to read.
2023-12-05 14:29:07,385 [Worker-1: Loading available Gradle versions] INFO  o.e.b.c.i.u.g.PublishedGradleVersions - Gradle version information cache is up-to-date. Trying to read.
2023-12-05 14:30:15,649 [Worker-2: Loading available Gradle versions] INFO  o.e.b.c.i.u.g.PublishedGradleVersions - Gradle version information cache is up-to-date. Trying to read.
2023-12-05 14:35:19,395 [Worker-1: Loading available Gradle versions] INFO  o.e.b.c.i.u.g.PublishedGradleVersions - Gradle version information cache is up-to-date. Trying to read.
2023-12-05 14:49:11,955 [Worker-2: Loading available Gradle versions] INFO  o.e.b.c.i.u.g.PublishedGradleVersions - Gradle version information cache is up-to-date. Trying to read.
2023-12-05 14:50:55,708 [Worker-1: Loading available Gradle versions] INFO  o.e.b.c.i.u.g.PublishedGradleVersions - Gradle version information cache is up-to-date. Trying to read.
2023-12-05 15:08:29,644 [Worker-15: https://download.oracle.com/otn_software/oepe/library/oracle-adf-12.1.3-doc/content.jar] INFO  o.a.h.c.h.i.c.HttpRequestRetryExec - Recoverable I/O exception (java.net.SocketException) caught when processing request to {s}->https://download.oracle.com:443
2023-12-05 15:08:29,684 [Worker-13: https://download.eclipse.org/jetty/updates/jetty-wtp/1.0.0.201011170957/content.jar] INFO  o.a.h.c.h.i.c.HttpRequestRetryExec - Recoverable I/O exception (java.net.SocketException) caught when processing request to {s}->https://download.eclipse.org:443
2023-12-05 15:33:57,767 [Worker-1: Loading available Gradle versions] INFO  o.e.b.c.i.u.g.PublishedGradleVersions - Gradle version information cache is up-to-date. Trying to read.
2023-12-05 16:35:35,102 [Worker-4: Loading available Gradle versions] INFO  o.e.b.c.i.u.g.PublishedGradleVersions - Gradle version information cache is up-to-date. Trying to read.
2023-12-06 10:06:18,836 [Worker-7: Loading available Gradle versions] INFO  o.e.b.c.i.u.g.PublishedGradleVersions - Gradle version information cache is up-to-date. Trying to read.
2023-12-07 07:02:44,587 [Worker-7: Loading available Gradle versions] INFO  o.e.b.c.i.u.g.PublishedGradleVersions - Gradle version information cache is out-of-date. Trying to update.
2023-12-07 09:45:39,175 [Worker-2: Loading available Gradle versions] INFO  o.e.b.c.i.u.g.PublishedGradleVersions - Gradle version information cache is up-to-date. Trying to read.
2023-12-09 14:19:29,282 [Worker-4: Loading available Gradle versions] INFO  o.e.b.c.i.u.g.PublishedGradleVersions - Gradle version information cache is out-of-date. Trying to update.
2023-12-10 13:48:58,233 [Worker-1: Loading available Gradle versions] INFO  o.e.b.c.i.u.g.PublishedGradleVersions - Gradle version information cache is up-to-date. Trying to read.
2023-12-10 21:38:08,459 [Worker-2: Loading available Gradle versions] INFO  o.e.b.c.i.u.g.PublishedGradleVersions - Gradle version information cache is out-of-date. Trying to update.
2023-12-10 23:26:15,484 [Worker-4: Loading available Gradle versions] INFO  o.e.b.c.i.u.g.PublishedGradleVersions - Gradle version information cache is up-to-date. Trying to read.
2023-12-11 08:09:50,746 [Worker-4: Loading available Gradle versions] INFO  o.e.b.c.i.u.g.PublishedGradleVersions - Gradle version information cache is up-to-date. Trying to read.
2023-12-11 15:20:37,170 [Worker-5: Loading available Gradle versions] INFO  o.e.b.c.i.u.g.PublishedGradleVersions - Gradle version information cache is up-to-date. Trying to read.
2023-12-11 15:51:29,266 [Worker-6: Loading available Gradle versions] INFO  o.e.b.c.i.u.g.PublishedGradleVersions - Gradle version information cache is up-to-date. Trying to read.
2023-12-11 15:52:40,877 [main] INFO  org.eclipse.jetty.server.Server - jetty-10.0.15; built: 2023-04-11T17:25:14.480Z; git: 68017dbd00236bb7e187330d7585a059610f661d; jvm 21+35-LTS-2513
2023-12-11 15:52:40,920 [main] INFO  o.e.j.s.s.DefaultSessionIdManager - Session workerName=node0
2023-12-11 15:52:40,961 [main] INFO  o.e.j.server.handler.ContextHandler - Started o.e.j.s.ServletContextHandler@49611a51{/wse,null,AVAILABLE}
2023-12-11 15:52:40,989 [main] INFO  o.e.jetty.server.AbstractConnector - Started ServerConnector@bdc7a96{HTTP/1.1, (http/1.1)}{0.0.0.0:65323}
2023-12-11 15:52:41,010 [main] INFO  org.eclipse.jetty.server.Server - Started Server@a547191{STARTING}[10.0.15,sto=0] @87900ms
2023-12-11 19:34:01,347 [Framework stop - Equinox Container: 30303dd4-0f1d-44b9-bbcc-3ac2d40828bc] INFO  org.eclipse.jetty.server.Server - Stopped Server@a547191{STOPPING}[10.0.15,sto=0]
2023-12-11 19:34:01,352 [Framework stop - Equinox Container: 30303dd4-0f1d-44b9-bbcc-3ac2d40828bc] INFO  o.e.jetty.server.AbstractConnector - Stopped ServerConnector@bdc7a96{HTTP/1.1, (http/1.1)}{0.0.0.0:0}
2023-12-11 19:34:01,433 [Framework stop - Equinox Container: 30303dd4-0f1d-44b9-bbcc-3ac2d40828bc] INFO  o.e.j.server.handler.ContextHandler - Stopped o.e.j.s.ServletContextHandler@49611a51{/wse,null,STOPPED}
2023-12-11 23:02:41,080 [Worker-4: Loading available Gradle versions] INFO  o.e.b.c.i.u.g.PublishedGradleVersions - Gradle version information cache is out-of-date. Trying to update.
2023-12-11 23:02:41,579 [Worker-4: Loading available Gradle versions] INFO  o.e.b.c.i.u.g.PublishedGradleVersions - Updating Gradle version information cache failed. Using outdated cache.
2023-12-12 07:48:46,067 [Worker-0: Loading available Gradle versions] INFO  o.e.b.c.i.u.g.PublishedGradleVersions - Gradle version information cache is out-of-date. Trying to update.
